mode: set
github.com/devfeel/dotweb/cache/cache.go:34.30,36.2 1 1
github.com/devfeel/dotweb/cache/cache.go:40.44,42.2 1 0
github.com/devfeel/dotweb/cache/redis/cache_redis.go:20.50,23.2 2 0
github.com/devfeel/dotweb/cache/redis/cache_redis.go:26.56,30.2 3 0
github.com/devfeel/dotweb/cache/redis/cache_redis.go:33.55,36.16 3 0
github.com/devfeel/dotweb/cache/redis/cache_redis.go:36.16,38.3 1 0
github.com/devfeel/dotweb/cache/redis/cache_redis.go:39.2,39.24 1 0
github.com/devfeel/dotweb/cache/redis/cache_redis.go:43.55,46.16 3 0
github.com/devfeel/dotweb/cache/redis/cache_redis.go:46.16,48.3 1 0
github.com/devfeel/dotweb/cache/redis/cache_redis.go:49.2,49.24 1 0
github.com/devfeel/dotweb/cache/redis/cache_redis.go:54.60,58.2 3 0
github.com/devfeel/dotweb/cache/redis/cache_redis.go:62.61,66.2 3 0
github.com/devfeel/dotweb/cache/redis/cache_redis.go:70.55,72.27 2 0
github.com/devfeel/dotweb/cache/redis/cache_redis.go:72.27,74.3 1 0
github.com/devfeel/dotweb/cache/redis/cache_redis.go:74.8,76.15 2 0
github.com/devfeel/dotweb/cache/redis/cache_redis.go:76.15,78.4 1 0
github.com/devfeel/dotweb/cache/redis/cache_redis.go:78.9,80.4 1 0
github.com/devfeel/dotweb/cache/redis/cache_redis.go:86.59,88.27 2 0
github.com/devfeel/dotweb/cache/redis/cache_redis.go:88.27,90.3 1 0
github.com/devfeel/dotweb/cache/redis/cache_redis.go:90.8,92.15 2 0
github.com/devfeel/dotweb/cache/redis/cache_redis.go:92.15,94.4 1 0
github.com/devfeel/dotweb/cache/redis/cache_redis.go:94.9,96.4 1 0
github.com/devfeel/dotweb/cache/redis/cache_redis.go:102.75,105.14 3 0
github.com/devfeel/dotweb/cache/redis/cache_redis.go:105.14,107.3 1 0
github.com/devfeel/dotweb/cache/redis/cache_redis.go:107.8,109.3 1 0
github.com/devfeel/dotweb/cache/redis/cache_redis.go:110.2,110.12 1 0
github.com/devfeel/dotweb/cache/redis/cache_redis.go:115.48,119.2 3 0
github.com/devfeel/dotweb/cache/redis/cache_redis.go:123.40,127.2 3 0
github.com/devfeel/dotweb/cache/runtime/cache_runtime.go:25.40,27.17 1 1
github.com/devfeel/dotweb/cache/runtime/cache_runtime.go:27.17,29.3 1 1
github.com/devfeel/dotweb/cache/runtime/cache_runtime.go:30.2,30.47 1 1
github.com/devfeel/dotweb/cache/runtime/cache_runtime.go:43.38,47.2 3 1
github.com/devfeel/dotweb/cache/runtime/cache_runtime.go:51.62,52.43 1 1
github.com/devfeel/dotweb/cache/runtime/cache_runtime.go:52.43,54.22 2 1
github.com/devfeel/dotweb/cache/runtime/cache_runtime.go:54.22,56.4 1 0
github.com/devfeel/dotweb/cache/runtime/cache_runtime.go:57.3,57.25 1 1
github.com/devfeel/dotweb/cache/runtime/cache_runtime.go:59.2,59.17 1 1
github.com/devfeel/dotweb/cache/runtime/cache_runtime.go:65.63,67.28 2 1
github.com/devfeel/dotweb/cache/runtime/cache_runtime.go:67.28,69.3 1 0
github.com/devfeel/dotweb/cache/runtime/cache_runtime.go:69.8,71.3 1 1
github.com/devfeel/dotweb/cache/runtime/cache_runtime.go:76.57,78.27 2 1
github.com/devfeel/dotweb/cache/runtime/cache_runtime.go:78.27,80.3 1 0
github.com/devfeel/dotweb/cache/runtime/cache_runtime.go:80.8,82.15 2 1
github.com/devfeel/dotweb/cache/runtime/cache_runtime.go:82.15,84.4 1 0
github.com/devfeel/dotweb/cache/runtime/cache_runtime.go:84.9,86.4 1 1
github.com/devfeel/dotweb/cache/runtime/cache_runtime.go:92.61,94.27 2 1
github.com/devfeel/dotweb/cache/runtime/cache_runtime.go:94.27,96.3 1 0
github.com/devfeel/dotweb/cache/runtime/cache_runtime.go:96.8,98.15 2 1
github.com/devfeel/dotweb/cache/runtime/cache_runtime.go:98.15,100.4 1 0
github.com/devfeel/dotweb/cache/runtime/cache_runtime.go:100.9,102.4 1 1
github.com/devfeel/dotweb/cache/runtime/cache_runtime.go:108.77,111.2 2 1
github.com/devfeel/dotweb/cache/runtime/cache_runtime.go:113.83,120.2 2 1
github.com/devfeel/dotweb/cache/runtime/cache_runtime.go:123.57,126.9 3 1
github.com/devfeel/dotweb/cache/runtime/cache_runtime.go:126.9,131.3 2 1
github.com/devfeel/dotweb/cache/runtime/cache_runtime.go:133.2,134.27 2 1
github.com/devfeel/dotweb/cache/runtime/cache_runtime.go:135.11,136.36 1 0
github.com/devfeel/dotweb/cache/runtime/cache_runtime.go:137.13,138.38 1 0
github.com/devfeel/dotweb/cache/runtime/cache_runtime.go:139.13,140.38 1 1
github.com/devfeel/dotweb/cache/runtime/cache_runtime.go:141.12,142.37 1 0
github.com/devfeel/dotweb/cache/runtime/cache_runtime.go:143.14,144.39 1 0
github.com/devfeel/dotweb/cache/runtime/cache_runtime.go:145.14,146.39 1 0
github.com/devfeel/dotweb/cache/runtime/cache_runtime.go:147.10,148.67 1 0
github.com/devfeel/dotweb/cache/runtime/cache_runtime.go:151.2,154.17 3 1
github.com/devfeel/dotweb/cache/runtime/cache_runtime.go:158.57,161.9 3 1
github.com/devfeel/dotweb/cache/runtime/cache_runtime.go:161.9,166.3 2 1
github.com/devfeel/dotweb/cache/runtime/cache_runtime.go:168.2,169.27 2 1
github.com/devfeel/dotweb/cache/runtime/cache_runtime.go:170.11,171.36 1 0
github.com/devfeel/dotweb/cache/runtime/cache_runtime.go:172.13,173.38 1 1
github.com/devfeel/dotweb/cache/runtime/cache_runtime.go:174.13,175.38 1 0
github.com/devfeel/dotweb/cache/runtime/cache_runtime.go:176.12,177.28 1 0
github.com/devfeel/dotweb/cache/runtime/cache_runtime.go:177.28,179.4 1 0
github.com/devfeel/dotweb/cache/runtime/cache_runtime.go:179.9,181.4 1 0
github.com/devfeel/dotweb/cache/runtime/cache_runtime.go:182.14,183.30 1 0
github.com/devfeel/dotweb/cache/runtime/cache_runtime.go:183.30,185.4 1 0
github.com/devfeel/dotweb/cache/runtime/cache_runtime.go:185.9,187.4 1 0
github.com/devfeel/dotweb/cache/runtime/cache_runtime.go:188.14,189.30 1 0
github.com/devfeel/dotweb/cache/runtime/cache_runtime.go:189.30,191.4 1 0
github.com/devfeel/dotweb/cache/runtime/cache_runtime.go:191.9,193.4 1 0
github.com/devfeel/dotweb/cache/runtime/cache_runtime.go:194.10,195.58 1 0
github.com/devfeel/dotweb/cache/runtime/cache_runtime.go:197.2,200.17 3 1
github.com/devfeel/dotweb/cache/runtime/cache_runtime.go:204.58,205.43 1 1
github.com/devfeel/dotweb/cache/runtime/cache_runtime.go:205.43,208.3 2 1
github.com/devfeel/dotweb/cache/runtime/cache_runtime.go:209.2,209.19 1 1
github.com/devfeel/dotweb/cache/runtime/cache_runtime.go:214.50,217.2 2 1
github.com/devfeel/dotweb/cache/runtime/cache_runtime.go:220.42,225.2 4 1
github.com/devfeel/dotweb/cache/runtime/cache_runtime.go:227.30,228.6 1 1
github.com/devfeel/dotweb/cache/runtime/cache_runtime.go:228.6,230.22 2 1
github.com/devfeel/dotweb/cache/runtime/cache_runtime.go:230.22,232.4 1 0
github.com/devfeel/dotweb/cache/runtime/cache_runtime.go:233.3,233.60 1 0
github.com/devfeel/dotweb/cache/runtime/cache_runtime.go:233.60,236.4 2 0
github.com/devfeel/dotweb/cache/runtime/cache_runtime.go:241.55,243.9 2 0
github.com/devfeel/dotweb/cache/runtime/cache_runtime.go:243.9,245.3 1 0
github.com/devfeel/dotweb/cache/runtime/cache_runtime.go:246.2,247.21 2 0
github.com/devfeel/dotweb/cache/runtime/cache_runtime.go:247.21,250.3 2 0
github.com/devfeel/dotweb/cache/runtime/cache_runtime.go:251.2,251.14 1 0
github.com/devfeel/dotweb/config/config_json.go:7.57,9.2 1 1
github.com/devfeel/dotweb/config/config_json.go:12.57,14.2 1 0
github.com/devfeel/dotweb/config/config_json.go:17.52,19.16 2 0
github.com/devfeel/dotweb/config/config_json.go:19.16,21.3 1 0
github.com/devfeel/dotweb/config/config_json.go:22.2,22.24 1 0
github.com/devfeel/dotweb/config/config_xml.go:11.56,13.2 1 1
github.com/devfeel/dotweb/config/config_xml.go:16.56,18.2 1 0
github.com/devfeel/dotweb/config/config_xml.go:21.51,23.16 2 0
github.com/devfeel/dotweb/config/config_xml.go:23.16,25.3 1 0
github.com/devfeel/dotweb/config/config_xml.go:26.2,26.24 1 0
github.com/devfeel/dotweb/config/config_yaml.go:17.57,19.2 1 0
github.com/devfeel/dotweb/config/config_yaml.go:30.57,32.2 1 0
github.com/devfeel/dotweb/config/config_yaml.go:35.52,37.16 2 0
github.com/devfeel/dotweb/config/config_yaml.go:37.16,39.3 1 0
github.com/devfeel/dotweb/config/config_yaml.go:40.2,40.24 1 0
github.com/devfeel/dotweb/config/configs.go:134.26,141.2 1 0
github.com/devfeel/dotweb/config/configs.go:146.80,149.32 3 0
github.com/devfeel/dotweb/config/configs.go:149.32,151.3 1 0
github.com/devfeel/dotweb/config/configs.go:152.2,152.33 1 0
github.com/devfeel/dotweb/config/configs.go:152.33,154.3 1 0
github.com/devfeel/dotweb/config/configs.go:155.2,155.33 1 0
github.com/devfeel/dotweb/config/configs.go:155.33,157.3 1 0
github.com/devfeel/dotweb/config/configs.go:158.2,158.16 1 0
github.com/devfeel/dotweb/config/configs.go:158.16,160.3 1 0
github.com/devfeel/dotweb/config/configs.go:161.2,162.18 2 0
github.com/devfeel/dotweb/config/configs.go:162.18,164.3 1 0
github.com/devfeel/dotweb/config/configs.go:165.2,165.46 1 0
github.com/devfeel/dotweb/config/configs.go:165.46,167.3 1 0
github.com/devfeel/dotweb/config/configs.go:168.2,168.12 1 0
github.com/devfeel/dotweb/config/configs.go:171.28,174.2 2 0
github.com/devfeel/dotweb/config/configs.go:176.34,179.2 2 0
github.com/devfeel/dotweb/config/configs.go:181.36,184.2 2 0
github.com/devfeel/dotweb/config/configs.go:188.73,190.16 2 0
github.com/devfeel/dotweb/config/configs.go:190.16,191.13 1 0
github.com/devfeel/dotweb/config/configs.go:193.2,193.13 1 0
github.com/devfeel/dotweb/config/configs.go:197.89,205.27 2 1
github.com/devfeel/dotweb/config/configs.go:205.27,207.28 2 0
github.com/devfeel/dotweb/config/configs.go:207.28,209.29 2 0
github.com/devfeel/dotweb/config/configs.go:209.29,211.5 1 0
github.com/devfeel/dotweb/config/configs.go:215.2,216.57 2 1
github.com/devfeel/dotweb/config/configs.go:216.57,218.3 1 1
github.com/devfeel/dotweb/config/configs.go:219.2,219.57 1 1
github.com/devfeel/dotweb/config/configs.go:219.57,221.3 1 0
github.com/devfeel/dotweb/config/configs.go:223.2,223.29 1 1
github.com/devfeel/dotweb/config/configs.go:223.29,225.3 1 1
github.com/devfeel/dotweb/config/configs.go:225.8,225.37 1 1
github.com/devfeel/dotweb/config/configs.go:225.37,227.3 1 0
github.com/devfeel/dotweb/config/configs.go:227.8,229.3 1 1
github.com/devfeel/dotweb/config/configs.go:231.2,231.16 1 1
github.com/devfeel/dotweb/config/configs.go:231.16,233.3 1 0
github.com/devfeel/dotweb/config/configs.go:235.2,235.23 1 1
github.com/devfeel/dotweb/config/configs.go:235.23,237.3 1 0
github.com/devfeel/dotweb/config/configs.go:239.2,239.26 1 1
github.com/devfeel/dotweb/config/configs.go:239.26,241.3 1 0
github.com/devfeel/dotweb/config/configs.go:243.2,243.27 1 1
github.com/devfeel/dotweb/config/configs.go:243.27,245.3 1 0
github.com/devfeel/dotweb/config/configs.go:247.2,248.42 2 1
github.com/devfeel/dotweb/config/configs.go:248.42,250.3 1 0
github.com/devfeel/dotweb/config/configs.go:251.2,260.20 5 1
github.com/devfeel/dotweb/config/configs.go:263.39,265.2 0 1
github.com/devfeel/dotweb/config/configs.go:267.108,269.16 2 1
github.com/devfeel/dotweb/config/configs.go:269.16,271.3 1 0
github.com/devfeel/dotweb/config/configs.go:273.2,275.16 3 1
github.com/devfeel/dotweb/config/configs.go:275.16,277.3 1 0
github.com/devfeel/dotweb/config/configs.go:278.2,278.20 1 1
github.com/devfeel/dotweb/config/configset.go:27.72,29.2 1 0
github.com/devfeel/dotweb/config/configset.go:32.73,34.2 1 0
github.com/devfeel/dotweb/config/configset.go:37.73,39.2 1 0
github.com/devfeel/dotweb/config/configset.go:41.90,43.16 2 0
github.com/devfeel/dotweb/config/configset.go:43.16,45.3 1 0
github.com/devfeel/dotweb/config/configset.go:46.2,47.32 2 0
github.com/devfeel/dotweb/config/configset.go:47.32,49.3 1 0
github.com/devfeel/dotweb/config/configset.go:50.2,50.33 1 0
github.com/devfeel/dotweb/config/configset.go:50.33,52.3 1 0
github.com/devfeel/dotweb/config/configset.go:53.2,53.33 1 0
github.com/devfeel/dotweb/config/configset.go:53.33,55.3 1 0
github.com/devfeel/dotweb/config/configset.go:56.2,56.16 1 0
github.com/devfeel/dotweb/config/configset.go:56.16,58.3 1 0
github.com/devfeel/dotweb/config/configset.go:59.2,60.39 2 0
github.com/devfeel/dotweb/config/configset.go:60.39,62.3 1 0
github.com/devfeel/dotweb/config/configset.go:63.2,63.18 1 0
github.com/devfeel/dotweb/core/concurrenceMap.go:44.28,49.2 1 1
github.com/devfeel/dotweb/core/concurrenceMap.go:52.41,57.2 1 1
github.com/devfeel/dotweb/core/concurrenceMap.go:60.35,65.2 1 0
github.com/devfeel/dotweb/core/concurrenceMap.go:68.56,72.2 3 1
github.com/devfeel/dotweb/core/concurrenceMap.go:75.70,80.2 4 1
github.com/devfeel/dotweb/core/concurrenceMap.go:84.40,88.2 3 1
github.com/devfeel/dotweb/core/concurrenceMap.go:92.71,96.12 4 1
github.com/devfeel/dotweb/core/concurrenceMap.go:96.12,98.3 1 1
github.com/devfeel/dotweb/core/concurrenceMap.go:99.2,99.22 1 1
github.com/devfeel/dotweb/core/concurrenceMap.go:104.50,106.13 2 1
github.com/devfeel/dotweb/core/concurrenceMap.go:106.13,108.3 1 1
github.com/devfeel/dotweb/core/concurrenceMap.go:109.2,109.26 1 0
github.com/devfeel/dotweb/core/concurrenceMap.go:114.44,116.13 2 0
github.com/devfeel/dotweb/core/concurrenceMap.go:116.13,118.3 1 0
github.com/devfeel/dotweb/core/concurrenceMap.go:119.2,119.20 1 0
github.com/devfeel/dotweb/core/concurrenceMap.go:124.50,126.13 2 1
github.com/devfeel/dotweb/core/concurrenceMap.go:126.13,128.3 1 1
github.com/devfeel/dotweb/core/concurrenceMap.go:129.2,129.23 1 1
github.com/devfeel/dotweb/core/concurrenceMap.go:134.63,136.16 2 0
github.com/devfeel/dotweb/core/concurrenceMap.go:136.16,138.3 1 0
github.com/devfeel/dotweb/core/concurrenceMap.go:139.2,139.21 1 0
github.com/devfeel/dotweb/core/concurrenceMap.go:143.45,146.2 2 1
github.com/devfeel/dotweb/core/concurrenceMap.go:149.60,151.2 1 1
github.com/devfeel/dotweb/core/concurrenceMap.go:154.31,156.2 1 0
github.com/devfeel/dotweb/core/hideReaddirFS.go:19.62,21.16 2 0
github.com/devfeel/dotweb/core/hideReaddirFS.go:21.16,23.3 1 0
github.com/devfeel/dotweb/core/hideReaddirFS.go:24.2,24.38 1 0
github.com/devfeel/dotweb/core/hideReaddirFS.go:28.68,31.2 1 0
github.com/devfeel/dotweb/core/htmlx.go:122.62,131.15 2 0
github.com/devfeel/dotweb/core/htmlx.go:131.15,133.3 1 0
github.com/devfeel/dotweb/core/htmlx.go:134.2,138.13 5 0
github.com/devfeel/dotweb/core/htmlx.go:142.62,152.15 2 0
github.com/devfeel/dotweb/core/htmlx.go:152.15,154.3 1 0
github.com/devfeel/dotweb/core/htmlx.go:155.2,159.25 5 0
github.com/devfeel/dotweb/core/htmlx.go:163.42,165.2 1 0
github.com/devfeel/dotweb/core/state.go:24.44,40.29 1 1
github.com/devfeel/dotweb/core/state.go:40.29,42.6 1 1
github.com/devfeel/dotweb/core/state.go:45.29,47.6 1 1
github.com/devfeel/dotweb/core/state.go:51.2,53.14 3 1
github.com/devfeel/dotweb/core/state.go:104.86,147.2 42 0
github.com/devfeel/dotweb/core/state.go:150.88,180.62 25 0
github.com/devfeel/dotweb/core/state.go:180.62,182.3 1 0
github.com/devfeel/dotweb/core/state.go:183.2,193.63 6 0
github.com/devfeel/dotweb/core/state.go:193.63,195.3 1 0
github.com/devfeel/dotweb/core/state.go:196.2,203.13 5 0
github.com/devfeel/dotweb/core/state.go:207.80,209.2 1 0
github.com/devfeel/dotweb/core/state.go:212.78,214.2 1 0
github.com/devfeel/dotweb/core/state.go:217.82,219.2 1 1
github.com/devfeel/dotweb/core/state.go:222.68,225.2 2 1
github.com/devfeel/dotweb/core/state.go:228.68,231.2 2 1
github.com/devfeel/dotweb/core/state.go:234.88,238.2 3 1
github.com/devfeel/dotweb/core/state.go:240.81,247.2 5 1
github.com/devfeel/dotweb/core/state.go:249.80,256.2 5 1
github.com/devfeel/dotweb/core/state.go:259.44,260.6 1 1
github.com/devfeel/dotweb/core/state.go:260.6,261.10 1 1
github.com/devfeel/dotweb/core/state.go:262.41,263.4 1 1
github.com/devfeel/dotweb/core/state.go:263.4,264.49 1 1
github.com/devfeel/dotweb/core/state.go:264.49,266.6 1 1
github.com/devfeel/dotweb/core/state.go:268.5,268.39 1 1
github.com/devfeel/dotweb/core/state.go:268.39,270.42 1 0
github.com/devfeel/dotweb/core/state.go:270.42,275.7 3 0
github.com/devfeel/dotweb/core/state.go:278.5,288.41 7 1
github.com/devfeel/dotweb/core/state.go:290.39,291.4 1 1
github.com/devfeel/dotweb/core/state.go:291.4,309.5 10 1
github.com/devfeel/dotweb/core/state.go:315.60,321.61 4 0
github.com/devfeel/dotweb/core/state.go:321.61,322.60 1 0
github.com/devfeel/dotweb/core/state.go:322.60,323.61 1 0
github.com/devfeel/dotweb/core/state.go:323.61,325.5 1 0
github.com/devfeel/dotweb/core/state.go:325.10,326.59 1 0
github.com/devfeel/dotweb/core/state.go:326.59,328.6 1 0
github.com/devfeel/dotweb/core/state.go:332.2,334.34 2 0
github.com/devfeel/dotweb/core/state.go:334.34,336.3 1 0
github.com/devfeel/dotweb/core/state.go:339.2,341.59 3 0
github.com/devfeel/dotweb/core/state.go:341.59,342.58 1 0
github.com/devfeel/dotweb/core/state.go:342.58,343.61 1 0
github.com/devfeel/dotweb/core/state.go:343.61,345.5 1 0
github.com/devfeel/dotweb/core/state.go:345.10,346.59 1 0
github.com/devfeel/dotweb/core/state.go:346.59,348.6 1 0
github.com/devfeel/dotweb/core/state.go:352.2,354.34 2 0
github.com/devfeel/dotweb/core/state.go:354.34,356.3 1 0
github.com/devfeel/dotweb/core/state.go:357.2,357.102 1 0
github.com/devfeel/dotweb/example/main.go:15.13,17.15 1 0
github.com/devfeel/dotweb/example/main.go:17.15,19.35 2 0
github.com/devfeel/dotweb/example/main.go:19.35,22.4 2 0
github.com/devfeel/dotweb/example/main.go:26.2,73.49 14 0
github.com/devfeel/dotweb/example/main.go:73.49,75.3 1 0
github.com/devfeel/dotweb/example/main.go:77.2,77.61 1 0
github.com/devfeel/dotweb/example/main.go:77.61,80.3 2 0
github.com/devfeel/dotweb/example/main.go:84.2,100.50 8 0
github.com/devfeel/dotweb/example/main.go:103.38,108.2 3 0
github.com/devfeel/dotweb/example/main.go:110.37,112.72 2 0
github.com/devfeel/dotweb/example/main.go:112.72,114.3 1 0
github.com/devfeel/dotweb/example/main.go:114.8,120.3 4 0
github.com/devfeel/dotweb/example/main.go:121.2,121.12 1 0
github.com/devfeel/dotweb/example/main.go:124.39,126.16 2 0
github.com/devfeel/dotweb/example/main.go:126.16,129.3 2 0
github.com/devfeel/dotweb/example/main.go:130.2,131.16 2 0
github.com/devfeel/dotweb/example/main.go:131.16,133.3 1 0
github.com/devfeel/dotweb/example/main.go:134.2,134.12 1 0
github.com/devfeel/dotweb/example/main.go:137.47,139.2 1 0
github.com/devfeel/dotweb/example/main.go:141.41,145.2 3 0
github.com/devfeel/dotweb/example/main.go:147.44,157.2 3 0
github.com/devfeel/dotweb/example/main.go:159.41,161.2 1 0
github.com/devfeel/dotweb/example/main.go:163.43,166.2 2 0
github.com/devfeel/dotweb/example/main.go:168.40,173.2 4 0
github.com/devfeel/dotweb/example/main.go:175.41,177.2 1 0
github.com/devfeel/dotweb/example/main.go:179.45,184.2 3 0
github.com/devfeel/dotweb/example/main.go:186.41,188.16 2 0
github.com/devfeel/dotweb/example/main.go:188.16,190.3 1 0
github.com/devfeel/dotweb/example/main.go:191.2,191.12 1 0
github.com/devfeel/dotweb/example/main.go:194.44,196.2 1 0
github.com/devfeel/dotweb/example/main.go:198.43,212.2 12 0
github.com/devfeel/dotweb/example/main.go:219.42,221.2 1 0
github.com/devfeel/dotweb/example/bind/main.go:16.13,45.2 10 0
github.com/devfeel/dotweb/example/bind/main.go:47.41,54.39 4 0
github.com/devfeel/dotweb/example/bind/main.go:54.39,56.3 1 0
github.com/devfeel/dotweb/example/bind/main.go:56.9,58.3 0 0
github.com/devfeel/dotweb/example/bind/main.go:60.2,60.73 1 0
github.com/devfeel/dotweb/example/bind/main.go:63.40,74.39 4 0
github.com/devfeel/dotweb/example/bind/main.go:74.39,76.3 1 0
github.com/devfeel/dotweb/example/bind/main.go:76.9,78.3 0 0
github.com/devfeel/dotweb/example/bind/main.go:80.2,80.72 1 0
github.com/devfeel/dotweb/example/bind/main.go:83.45,90.47 4 0
github.com/devfeel/dotweb/example/bind/main.go:90.47,92.3 1 0
github.com/devfeel/dotweb/example/bind/main.go:92.9,94.3 0 0
github.com/devfeel/dotweb/example/bind/main.go:96.2,96.73 1 0
github.com/devfeel/dotweb/example/bind/main.go:99.43,103.2 3 0
github.com/devfeel/dotweb/example/bind/main.go:109.74,113.21 4 0
github.com/devfeel/dotweb/example/bind/main.go:113.21,116.3 2 0
github.com/devfeel/dotweb/example/bind/main.go:117.2,118.9 2 0
github.com/devfeel/dotweb/example/bind/main.go:119.60,120.52 1 0
github.com/devfeel/dotweb/example/bind/main.go:121.59,122.51 1 0
github.com/devfeel/dotweb/example/bind/main.go:126.10,129.60 2 0
github.com/devfeel/dotweb/example/bind/main.go:129.60,131.4 1 0
github.com/devfeel/dotweb/example/bind/main.go:133.3,133.76 1 0
github.com/devfeel/dotweb/example/bind/main.go:135.2,135.12 1 0
github.com/devfeel/dotweb/example/bind/main.go:139.82,141.37 2 0
github.com/devfeel/dotweb/example/bind/main.go:141.37,144.3 2 0
github.com/devfeel/dotweb/example/bind/main.go:145.2,146.12 2 0
github.com/devfeel/dotweb/example/bind/main.go:149.34,151.2 1 0
github.com/devfeel/dotweb/example/group/main.go:8.13,13.49 2 0
github.com/devfeel/dotweb/example/group/main.go:13.49,16.3 2 0
github.com/devfeel/dotweb/example/group/main.go:19.2,22.54 2 0
github.com/devfeel/dotweb/example/group/main.go:22.54,25.3 2 0
github.com/devfeel/dotweb/example/group/main.go:28.2,28.56 1 0
github.com/devfeel/dotweb/example/group/main.go:28.56,30.3 1 0
github.com/devfeel/dotweb/example/group/main.go:32.2,32.57 1 0
github.com/devfeel/dotweb/example/group/main.go:32.57,34.3 1 0
github.com/devfeel/dotweb/example/group/main.go:37.2,39.56 2 0
github.com/devfeel/dotweb/example/group/main.go:39.56,41.3 1 0
github.com/devfeel/dotweb/example/group/main.go:44.2,44.57 1 0
github.com/devfeel/dotweb/example/group/main.go:44.57,51.3 1 0
github.com/devfeel/dotweb/example/group/main.go:53.2,65.16 11 0
github.com/devfeel/dotweb/example/group/main.go:65.16,67.3 1 0
github.com/devfeel/dotweb/example/config/main.go:10.13,23.16 4 0
github.com/devfeel/dotweb/example/config/main.go:23.16,26.3 2 0
github.com/devfeel/dotweb/example/config/main.go:27.2,31.16 3 0
github.com/devfeel/dotweb/example/config/main.go:31.16,34.3 2 0
github.com/devfeel/dotweb/example/config/main.go:36.2,40.50 4 0
github.com/devfeel/dotweb/example/config/main.go:43.38,46.2 2 0
github.com/devfeel/dotweb/example/config/main.go:48.42,51.2 2 0
github.com/devfeel/dotweb/example/config/main.go:54.42,58.2 3 0
github.com/devfeel/dotweb/example/config/main.go:60.49,64.2 3 0
github.com/devfeel/dotweb/example/middleware/main.go:12.13,45.2 16 0
github.com/devfeel/dotweb/example/middleware/main.go:47.38,53.2 4 0
github.com/devfeel/dotweb/example/middleware/main.go:55.48,58.2 2 0
github.com/devfeel/dotweb/example/middleware/main.go:60.43,81.2 13 0
github.com/devfeel/dotweb/example/middleware/main.go:83.47,85.44 1 0
github.com/devfeel/dotweb/example/middleware/main.go:85.44,87.4 1 0
github.com/devfeel/dotweb/example/middleware/main.go:88.42,90.4 1 0
github.com/devfeel/dotweb/example/middleware/main.go:93.2,94.44 1 0
github.com/devfeel/dotweb/example/middleware/main.go:94.44,96.4 1 0
github.com/devfeel/dotweb/example/middleware/main.go:98.2,99.42 1 0
github.com/devfeel/dotweb/example/middleware/main.go:99.42,101.4 1 0
github.com/devfeel/dotweb/example/middleware/main.go:110.57,115.2 4 0
github.com/devfeel/dotweb/example/middleware/main.go:117.50,119.2 1 0
github.com/devfeel/dotweb/example/middleware/main.go:126.55,129.46 3 0
github.com/devfeel/dotweb/example/middleware/main.go:129.46,131.3 1 0
github.com/devfeel/dotweb/example/middleware/main.go:131.8,133.3 1 0
github.com/devfeel/dotweb/example/middleware/main.go:134.2,135.12 2 0
github.com/devfeel/dotweb/example/middleware/main.go:138.51,140.2 1 0
github.com/devfeel/dotweb/example/middleware/main.go:146.51,150.2 3 0
github.com/devfeel/dotweb/example/middleware/main.go:152.26,154.2 1 0
github.com/devfeel/dotweb/example/middleware/main.go:160.51,164.2 3 0
github.com/devfeel/dotweb/example/middleware/main.go:166.26,168.2 1 0
github.com/devfeel/dotweb/example/middleware/main.go:174.51,178.2 3 0
github.com/devfeel/dotweb/example/middleware/main.go:180.26,182.2 1 0
github.com/devfeel/dotweb/example/mock/main.go:10.13,32.2 9 0
github.com/devfeel/dotweb/example/mock/main.go:35.38,39.2 3 0
github.com/devfeel/dotweb/example/mock/main.go:42.43,44.2 1 0
github.com/devfeel/dotweb/example/mock/main.go:47.28,51.2 3 0
github.com/devfeel/dotweb/example/quickstart/main.go:11.13,16.57 2 0
github.com/devfeel/dotweb/example/quickstart/main.go:16.57,18.3 1 0
github.com/devfeel/dotweb/example/quickstart/main.go:21.2,24.46 3 0
github.com/devfeel/dotweb/example/quickstart/main.go:24.46,26.3 1 0
github.com/devfeel/dotweb/framework/convert/convert.go:11.38,13.2 1 1
github.com/devfeel/dotweb/framework/convert/convert.go:16.42,18.2 1 1
github.com/devfeel/dotweb/framework/convert/convert.go:21.33,23.2 1 1
github.com/devfeel/dotweb/framework/convert/convert.go:26.46,28.2 1 1
github.com/devfeel/dotweb/framework/convert/convert.go:31.37,33.2 1 1
github.com/devfeel/dotweb/framework/convert/convert.go:36.48,38.2 1 0
github.com/devfeel/dotweb/framework/convert/convert.go:41.39,43.2 1 0
github.com/devfeel/dotweb/framework/convert/convert.go:46.44,47.13 1 1
github.com/devfeel/dotweb/framework/convert/convert.go:47.13,49.3 1 0
github.com/devfeel/dotweb/framework/convert/convert.go:50.2,51.82 2 1
github.com/devfeel/dotweb/example/router/main.go:12.13,21.57 4 0
github.com/devfeel/dotweb/example/router/main.go:21.57,23.3 1 0
github.com/devfeel/dotweb/example/router/main.go:26.2,35.50 5 0
github.com/devfeel/dotweb/example/router/main.go:38.38,42.2 3 0
github.com/devfeel/dotweb/example/router/main.go:44.36,47.2 2 0
github.com/devfeel/dotweb/example/router/main.go:49.58,51.2 1 0
github.com/devfeel/dotweb/example/router/main.go:53.43,63.2 7 0
github.com/devfeel/dotweb/framework/crypto/cryptos.go:12.36,16.2 3 1
github.com/devfeel/dotweb/framework/crypto/cryptos.go:19.39,25.30 6 1
github.com/devfeel/dotweb/framework/crypto/cryptos.go:25.30,28.3 2 1
github.com/devfeel/dotweb/framework/crypto/cryptos.go:29.2,29.18 1 1
github.com/devfeel/dotweb/framework/crypto/des/des.go:10.60,14.2 3 1
github.com/devfeel/dotweb/framework/crypto/des/des.go:17.45,21.2 3 1
github.com/devfeel/dotweb/framework/crypto/des/des.go:24.55,26.16 2 1
github.com/devfeel/dotweb/framework/crypto/des/des.go:26.16,28.3 1 0
github.com/devfeel/dotweb/framework/crypto/des/des.go:29.2,31.27 3 1
github.com/devfeel/dotweb/framework/crypto/des/des.go:31.27,33.3 1 0
github.com/devfeel/dotweb/framework/crypto/des/des.go:34.2,36.24 3 1
github.com/devfeel/dotweb/framework/crypto/des/des.go:36.24,40.3 3 1
github.com/devfeel/dotweb/framework/crypto/des/des.go:41.2,41.17 1 1
github.com/devfeel/dotweb/framework/crypto/des/des.go:45.54,46.38 1 1
github.com/devfeel/dotweb/framework/crypto/des/des.go:46.38,48.3 1 0
github.com/devfeel/dotweb/framework/crypto/des/des.go:49.2,50.16 2 1
github.com/devfeel/dotweb/framework/crypto/des/des.go:50.16,52.3 1 0
github.com/devfeel/dotweb/framework/crypto/des/des.go:53.2,54.26 2 1
github.com/devfeel/dotweb/framework/crypto/des/des.go:54.26,56.3 1 0
github.com/devfeel/dotweb/framework/crypto/des/des.go:57.2,59.23 3 1
github.com/devfeel/dotweb/framework/crypto/des/des.go:59.23,63.3 3 1
github.com/devfeel/dotweb/framework/crypto/des/des.go:64.2,65.17 2 1
github.com/devfeel/dotweb/framework/crypto/des/des.go:69.64,77.16 7 0
github.com/devfeel/dotweb/framework/crypto/des/des.go:77.16,79.3 1 0
github.com/devfeel/dotweb/framework/crypto/des/des.go:80.2,84.16 4 0
github.com/devfeel/dotweb/framework/crypto/des/des.go:84.16,86.3 1 0
github.com/devfeel/dotweb/framework/crypto/des/des.go:87.2,88.16 2 0
github.com/devfeel/dotweb/framework/crypto/des/des.go:88.16,90.3 1 0
github.com/devfeel/dotweb/framework/crypto/des/des.go:91.2,92.16 2 0
github.com/devfeel/dotweb/framework/crypto/des/des.go:92.16,94.3 1 0
github.com/devfeel/dotweb/framework/crypto/des/des.go:95.2,95.17 1 0
github.com/devfeel/dotweb/framework/crypto/des/des.go:99.63,106.16 7 0
github.com/devfeel/dotweb/framework/crypto/des/des.go:106.16,108.3 1 0
github.com/devfeel/dotweb/framework/crypto/des/des.go:109.2,110.16 2 0
github.com/devfeel/dotweb/framework/crypto/des/des.go:110.16,112.3 1 0
github.com/devfeel/dotweb/framework/crypto/des/des.go:113.2,114.16 2 0
github.com/devfeel/dotweb/framework/crypto/des/des.go:114.16,116.3 1 0
github.com/devfeel/dotweb/framework/crypto/des/des.go:117.2,118.17 2 0
github.com/devfeel/dotweb/framework/crypto/uuid/uuid.go:87.26,91.2 3 1
github.com/devfeel/dotweb/framework/crypto/uuid/uuid.go:93.25,95.16 2 1
github.com/devfeel/dotweb/framework/crypto/uuid/uuid.go:95.16,96.36 1 1
github.com/devfeel/dotweb/framework/crypto/uuid/uuid.go:96.36,97.36 1 1
github.com/devfeel/dotweb/framework/crypto/uuid/uuid.go:97.36,100.5 2 1
github.com/devfeel/dotweb/framework/crypto/uuid/uuid.go:106.2,109.25 2 0
github.com/devfeel/dotweb/framework/crypto/uuid/uuid.go:112.20,115.2 2 1
github.com/devfeel/dotweb/framework/crypto/uuid/uuid.go:117.30,118.43 1 1
github.com/devfeel/dotweb/framework/crypto/uuid/uuid.go:118.43,119.13 1 0
github.com/devfeel/dotweb/framework/crypto/uuid/uuid.go:126.28,128.2 1 1
github.com/devfeel/dotweb/framework/crypto/uuid/uuid.go:154.33,156.26 2 0
github.com/devfeel/dotweb/framework/crypto/uuid/uuid.go:156.26,158.3 1 0
github.com/devfeel/dotweb/framework/crypto/uuid/uuid.go:159.2,159.10 1 0
github.com/devfeel/dotweb/framework/crypto/uuid/uuid.go:163.32,165.26 2 0
github.com/devfeel/dotweb/framework/crypto/uuid/uuid.go:165.26,167.3 1 0
github.com/devfeel/dotweb/framework/crypto/uuid/uuid.go:168.2,168.10 1 0
github.com/devfeel/dotweb/framework/crypto/uuid/uuid.go:172.35,174.2 1 0
github.com/devfeel/dotweb/framework/crypto/uuid/uuid.go:177.30,179.2 1 0
github.com/devfeel/dotweb/framework/crypto/uuid/uuid.go:182.30,183.9 1 0
github.com/devfeel/dotweb/framework/crypto/uuid/uuid.go:184.29,185.20 1 0
github.com/devfeel/dotweb/framework/crypto/uuid/uuid.go:186.32,187.24 1 0
github.com/devfeel/dotweb/framework/crypto/uuid/uuid.go:188.32,189.26 1 0
github.com/devfeel/dotweb/framework/crypto/uuid/uuid.go:191.2,191.22 1 0
github.com/devfeel/dotweb/framework/crypto/uuid/uuid.go:195.30,197.2 1 0
github.com/devfeel/dotweb/framework/crypto/uuid/uuid.go:201.31,215.2 11 1
github.com/devfeel/dotweb/framework/crypto/uuid/uuid.go:219.33,225.2 3 1
github.com/devfeel/dotweb/framework/crypto/uuid/uuid.go:228.35,230.2 1 1
github.com/devfeel/dotweb/framework/crypto/uuid/uuid.go:233.29,235.2 1 1
github.com/devfeel/dotweb/framework/crypto/uuid/uuid.go:239.54,242.2 2 0
github.com/devfeel/dotweb/framework/crypto/uuid/uuid.go:249.55,250.20 1 1
github.com/devfeel/dotweb/framework/crypto/uuid/uuid.go:250.20,253.3 2 0
github.com/devfeel/dotweb/framework/crypto/uuid/uuid.go:255.2,258.35 3 1
github.com/devfeel/dotweb/framework/crypto/uuid/uuid.go:258.35,260.3 1 0
github.com/devfeel/dotweb/framework/crypto/uuid/uuid.go:260.8,260.24 1 1
github.com/devfeel/dotweb/framework/crypto/uuid/uuid.go:260.24,263.3 2 0
github.com/devfeel/dotweb/framework/crypto/uuid/uuid.go:265.2,267.39 2 1
github.com/devfeel/dotweb/framework/crypto/uuid/uuid.go:267.39,268.12 1 1
github.com/devfeel/dotweb/framework/crypto/uuid/uuid.go:268.12,269.19 1 1
github.com/devfeel/dotweb/framework/crypto/uuid/uuid.go:269.19,272.5 2 0
github.com/devfeel/dotweb/framework/crypto/uuid/uuid.go:273.4,273.13 1 1
github.com/devfeel/dotweb/framework/crypto/uuid/uuid.go:276.3,276.25 1 1
github.com/devfeel/dotweb/framework/crypto/uuid/uuid.go:276.25,279.4 2 0
github.com/devfeel/dotweb/framework/crypto/uuid/uuid.go:281.3,282.75 1 1
github.com/devfeel/dotweb/framework/crypto/uuid/uuid.go:282.75,285.4 2 0
github.com/devfeel/dotweb/framework/crypto/uuid/uuid.go:287.3,288.17 2 1
github.com/devfeel/dotweb/framework/crypto/uuid/uuid.go:288.17,290.4 1 0
github.com/devfeel/dotweb/framework/crypto/uuid/uuid.go:292.3,293.22 2 1
github.com/devfeel/dotweb/framework/crypto/uuid/uuid.go:296.2,296.8 1 1
github.com/devfeel/dotweb/framework/crypto/uuid/uuid.go:300.56,303.2 2 0
github.com/devfeel/dotweb/framework/crypto/uuid/uuid.go:307.57,308.21 1 0
github.com/devfeel/dotweb/framework/crypto/uuid/uuid.go:308.21,311.3 2 0
github.com/devfeel/dotweb/framework/crypto/uuid/uuid.go:312.2,314.8 2 0
github.com/devfeel/dotweb/framework/crypto/uuid/uuid.go:318.45,320.2 1 0
github.com/devfeel/dotweb/framework/crypto/uuid/uuid.go:325.44,326.27 1 0
github.com/devfeel/dotweb/framework/crypto/uuid/uuid.go:327.14,328.21 1 0
github.com/devfeel/dotweb/framework/crypto/uuid/uuid.go:328.21,330.4 1 0
github.com/devfeel/dotweb/framework/crypto/uuid/uuid.go:331.3,331.30 1 0
github.com/devfeel/dotweb/framework/crypto/uuid/uuid.go:333.14,334.38 1 0
github.com/devfeel/dotweb/framework/crypto/uuid/uuid.go:337.2,337.59 1 0
github.com/devfeel/dotweb/framework/crypto/uuid/uuid.go:341.49,342.14 1 0
github.com/devfeel/dotweb/framework/crypto/uuid/uuid.go:342.14,344.3 1 0
github.com/devfeel/dotweb/framework/crypto/uuid/uuid.go:346.2,346.23 1 0
github.com/devfeel/dotweb/framework/crypto/uuid/uuid.go:350.48,351.16 1 0
github.com/devfeel/dotweb/framework/crypto/uuid/uuid.go:351.16,354.3 2 0
github.com/devfeel/dotweb/framework/crypto/uuid/uuid.go:357.2,358.25 2 0
github.com/devfeel/dotweb/framework/crypto/uuid/uuid.go:363.50,366.2 2 0
github.com/devfeel/dotweb/framework/crypto/uuid/uuid.go:370.40,372.16 2 0
github.com/devfeel/dotweb/framework/crypto/uuid/uuid.go:372.16,374.3 1 0
github.com/devfeel/dotweb/framework/crypto/uuid/uuid.go:375.2,375.13 1 0
github.com/devfeel/dotweb/framework/crypto/uuid/uuid.go:380.51,383.2 2 1
github.com/devfeel/dotweb/framework/crypto/uuid/uuid.go:387.41,389.16 2 0
github.com/devfeel/dotweb/framework/crypto/uuid/uuid.go:389.16,391.3 1 0
github.com/devfeel/dotweb/framework/crypto/uuid/uuid.go:392.2,392.13 1 0
github.com/devfeel/dotweb/framework/crypto/uuid/uuid.go:397.44,406.25 5 1
github.com/devfeel/dotweb/framework/crypto/uuid/uuid.go:406.25,408.3 1 0
github.com/devfeel/dotweb/framework/crypto/uuid/uuid.go:409.2,411.48 2 1
github.com/devfeel/dotweb/framework/crypto/uuid/uuid.go:415.19,431.2 10 1
github.com/devfeel/dotweb/framework/crypto/uuid/uuid.go:434.30,439.16 3 0
github.com/devfeel/dotweb/framework/crypto/uuid/uuid.go:440.20,441.46 1 0
github.com/devfeel/dotweb/framework/crypto/uuid/uuid.go:442.19,443.46 1 0
github.com/devfeel/dotweb/framework/crypto/uuid/uuid.go:446.2,456.10 8 0
github.com/devfeel/dotweb/framework/crypto/uuid/uuid.go:460.39,466.2 4 0
github.com/devfeel/dotweb/framework/crypto/uuid/uuid.go:469.19,476.2 5 1
github.com/devfeel/dotweb/framework/crypto/uuid/uuid.go:479.39,485.2 4 0
github.com/devfeel/dotweb/framework/crypto/uuid/uuid.go:488.58,495.2 5 0
github.com/devfeel/dotweb/framework/encodes/base64x/base64util.go:6.41,8.2 1 1
github.com/devfeel/dotweb/framework/encodes/base64x/base64util.go:11.50,13.16 2 1
github.com/devfeel/dotweb/framework/encodes/base64x/base64util.go:13.16,15.3 1 0
github.com/devfeel/dotweb/framework/encodes/base64x/base64util.go:15.8,17.3 1 1
github.com/devfeel/dotweb/framework/encodes/gob/gobutil.go:8.13,17.2 8 1
github.com/devfeel/dotweb/framework/encodes/gob/gobutil.go:20.65,24.16 4 0
github.com/devfeel/dotweb/framework/encodes/gob/gobutil.go:24.16,26.3 1 0
github.com/devfeel/dotweb/framework/encodes/gob/gobutil.go:27.2,27.25 1 0
github.com/devfeel/dotweb/framework/encodes/gob/gobutil.go:31.69,36.16 5 0
github.com/devfeel/dotweb/framework/encodes/gob/gobutil.go:36.16,38.3 1 0
github.com/devfeel/dotweb/framework/encodes/gob/gobutil.go:39.2,39.17 1 0
github.com/devfeel/dotweb/framework/exception/exception.go:10.82,15.2 4 0
github.com/devfeel/dotweb/framework/file/file.go:10.35,12.16 2 1
github.com/devfeel/dotweb/framework/file/file.go:12.16,14.3 1 0
github.com/devfeel/dotweb/framework/file/file.go:15.2,15.44 1 1
github.com/devfeel/dotweb/framework/file/file.go:19.34,22.2 2 1
github.com/devfeel/dotweb/framework/file/path.go:21.33,23.13 1 0
github.com/devfeel/dotweb/framework/file/path.go:23.13,25.3 1 0
github.com/devfeel/dotweb/framework/file/path.go:27.2,38.17 5 0
github.com/devfeel/dotweb/framework/file/path.go:38.17,42.3 3 0
github.com/devfeel/dotweb/framework/file/path.go:44.2,50.12 2 0
github.com/devfeel/dotweb/framework/file/path.go:50.12,51.10 1 0
github.com/devfeel/dotweb/framework/file/path.go:52.20,54.7 1 0
github.com/devfeel/dotweb/framework/file/path.go:56.32,58.7 2 0
github.com/devfeel/dotweb/framework/file/path.go:60.37,62.7 1 0
github.com/devfeel/dotweb/framework/file/path.go:64.68,68.13 2 0
github.com/devfeel/dotweb/framework/file/path.go:68.13,72.19 2 0
github.com/devfeel/dotweb/framework/file/path.go:72.19,73.31 1 0
github.com/devfeel/dotweb/framework/file/path.go:73.31,75.7 1 0
github.com/devfeel/dotweb/framework/file/path.go:76.11,77.33 1 0
github.com/devfeel/dotweb/framework/file/path.go:77.33,79.7 1 0
github.com/devfeel/dotweb/framework/file/path.go:83.11,86.13 1 0
github.com/devfeel/dotweb/framework/file/path.go:86.13,89.5 2 0
github.com/devfeel/dotweb/framework/file/path.go:92.4,92.29 1 0
github.com/devfeel/dotweb/framework/file/path.go:92.29,96.5 3 0
github.com/devfeel/dotweb/framework/file/path.go:101.2,101.23 1 0
github.com/devfeel/dotweb/framework/file/path.go:101.23,104.3 2 0
github.com/devfeel/dotweb/framework/file/path.go:106.2,106.16 1 0
github.com/devfeel/dotweb/framework/file/path.go:106.16,108.3 1 0
github.com/devfeel/dotweb/framework/file/path.go:109.2,109.24 1 0
github.com/devfeel/dotweb/framework/file/path.go:113.51,114.17 1 0
github.com/devfeel/dotweb/framework/file/path.go:114.17,115.16 1 0
github.com/devfeel/dotweb/framework/file/path.go:115.16,117.4 1 0
github.com/devfeel/dotweb/framework/file/path.go:119.3,120.20 2 0
github.com/devfeel/dotweb/framework/file/path.go:122.2,122.15 1 0
github.com/devfeel/dotweb/framework/json/jsonutil.go:8.44,10.16 2 1
github.com/devfeel/dotweb/framework/json/jsonutil.go:10.16,12.3 1 0
github.com/devfeel/dotweb/framework/json/jsonutil.go:13.2,13.24 1 1
github.com/devfeel/dotweb/framework/json/jsonutil.go:17.45,19.16 2 1
github.com/devfeel/dotweb/framework/json/jsonutil.go:19.16,21.3 1 0
github.com/devfeel/dotweb/framework/json/jsonutil.go:21.8,23.3 1 1
github.com/devfeel/dotweb/framework/json/jsonutil.go:27.56,29.2 1 1
github.com/devfeel/dotweb/framework/redis/redisutil.go:29.13,32.2 2 1
github.com/devfeel/dotweb/framework/redis/redisutil.go:36.67,41.36 1 0
github.com/devfeel/dotweb/framework/redis/redisutil.go:41.36,44.4 2 0
github.com/devfeel/dotweb/framework/redis/redisutil.go:50.57,52.2 1 0
github.com/devfeel/dotweb/framework/redis/redisutil.go:55.74,56.18 1 0
github.com/devfeel/dotweb/framework/redis/redisutil.go:56.18,58.3 1 0
github.com/devfeel/dotweb/framework/redis/redisutil.go:59.2,59.20 1 0
github.com/devfeel/dotweb/framework/redis/redisutil.go:59.20,61.3 1 0
github.com/devfeel/dotweb/framework/redis/redisutil.go:62.2,67.10 6 0
github.com/devfeel/dotweb/framework/redis/redisutil.go:67.10,72.3 4 0
github.com/devfeel/dotweb/framework/redis/redisutil.go:73.2,73.14 1 0
github.com/devfeel/dotweb/framework/redis/redisutil.go:77.64,82.2 4 0
github.com/devfeel/dotweb/framework/redis/redisutil.go:85.56,88.2 2 0
github.com/devfeel/dotweb/framework/redis/redisutil.go:91.57,97.2 4 0
github.com/devfeel/dotweb/framework/redis/redisutil.go:100.55,104.34 4 0
github.com/devfeel/dotweb/framework/redis/redisutil.go:104.34,106.3 1 0
github.com/devfeel/dotweb/framework/redis/redisutil.go:107.2,108.17 2 0
github.com/devfeel/dotweb/framework/redis/redisutil.go:112.54,116.34 4 0
github.com/devfeel/dotweb/framework/redis/redisutil.go:116.34,118.3 1 0
github.com/devfeel/dotweb/framework/redis/redisutil.go:119.2,120.17 2 0
github.com/devfeel/dotweb/framework/redis/redisutil.go:124.54,128.34 4 0
github.com/devfeel/dotweb/framework/redis/redisutil.go:128.34,130.3 1 0
github.com/devfeel/dotweb/framework/redis/redisutil.go:131.2,132.17 2 0
github.com/devfeel/dotweb/framework/redis/redisutil.go:137.81,141.34 4 0
github.com/devfeel/dotweb/framework/redis/redisutil.go:141.34,143.3 1 0
github.com/devfeel/dotweb/framework/redis/redisutil.go:144.2,145.17 2 0
github.com/devfeel/dotweb/framework/redis/redisutil.go:149.78,154.2 4 0
github.com/devfeel/dotweb/framework/redis/redisutil.go:157.80,162.2 4 0
github.com/devfeel/dotweb/framework/redis/redisutil.go:165.110,170.2 4 0
github.com/devfeel/dotweb/framework/redis/redisutil.go:174.70,180.2 4 0
github.com/devfeel/dotweb/framework/redis/redisutil.go:185.74,189.34 4 0
github.com/devfeel/dotweb/framework/redis/redisutil.go:189.34,191.3 1 0
github.com/devfeel/dotweb/framework/redis/redisutil.go:192.2,193.17 2 0
github.com/devfeel/dotweb/framework/redis/redisutil.go:197.74,202.2 4 0
github.com/devfeel/dotweb/framework/redis/redisutil.go:205.76,210.2 4 0
github.com/devfeel/dotweb/framework/redis/redisutil.go:214.81,220.2 4 0
github.com/devfeel/dotweb/framework/redis/redisutil.go:223.73,228.2 4 0
github.com/devfeel/dotweb/framework/redis/redisutil.go:231.89,236.2 4 0
github.com/devfeel/dotweb/framework/redis/redisutil.go:239.59,245.2 4 0
github.com/devfeel/dotweb/framework/redis/redisutil.go:249.65,255.2 4 0
github.com/devfeel/dotweb/framework/redis/redisutil.go:259.66,265.2 4 0
github.com/devfeel/dotweb/framework/redis/redisutil.go:270.77,274.16 4 0
github.com/devfeel/dotweb/framework/redis/redisutil.go:274.16,276.3 1 0
github.com/devfeel/dotweb/framework/redis/redisutil.go:276.8,278.3 1 0
github.com/devfeel/dotweb/framework/redis/redisutil.go:281.70,286.2 4 0
github.com/devfeel/dotweb/framework/redis/redisutil.go:288.82,293.2 4 0
github.com/devfeel/dotweb/framework/redis/redisutil.go:295.79,300.2 4 0
github.com/devfeel/dotweb/framework/redis/redisutil.go:302.82,307.2 4 0
github.com/devfeel/dotweb/framework/redis/redisutil.go:309.79,314.2 4 0
github.com/devfeel/dotweb/framework/redis/redisutil.go:316.57,321.2 4 0
github.com/devfeel/dotweb/framework/redis/redisutil.go:323.77,329.2 5 0
github.com/devfeel/dotweb/framework/redis/redisutil.go:331.78,337.2 5 0
github.com/devfeel/dotweb/framework/redis/redisutil.go:339.85,344.2 4 0
github.com/devfeel/dotweb/framework/redis/redisutil.go:346.77,351.2 4 0
github.com/devfeel/dotweb/framework/redis/redisutil.go:355.77,360.2 4 0
github.com/devfeel/dotweb/framework/redis/redisutil.go:362.86,367.2 4 0
github.com/devfeel/dotweb/framework/redis/redisutil.go:369.70,374.2 4 0
github.com/devfeel/dotweb/framework/redis/redisutil.go:376.91,381.2 4 0
github.com/devfeel/dotweb/framework/redis/redisutil.go:383.90,388.2 4 0
github.com/devfeel/dotweb/framework/redis/redisutil.go:390.54,395.2 4 0
github.com/devfeel/dotweb/framework/redis/redisutil.go:397.57,402.2 4 0
github.com/devfeel/dotweb/framework/redis/redisutil.go:408.77,414.2 5 0
github.com/devfeel/dotweb/framework/redis/redisutil.go:418.55,423.2 4 0
github.com/devfeel/dotweb/framework/redis/redisutil.go:427.57,432.2 4 0
github.com/devfeel/dotweb/framework/redis/redisutil.go:435.77,440.2 4 0
github.com/devfeel/dotweb/framework/redis/redisutil.go:443.77,449.2 5 0
github.com/devfeel/dotweb/framework/redis/redisutil.go:451.68,456.2 4 0
github.com/devfeel/dotweb/framework/redis/redisutil.go:458.88,464.2 5 0
github.com/devfeel/dotweb/framework/redis/redisutil.go:466.69,471.2 4 0
github.com/devfeel/dotweb/framework/redis/redisutil.go:473.89,479.2 5 0
github.com/devfeel/dotweb/framework/redis/redisutil.go:481.75,486.2 4 0
github.com/devfeel/dotweb/framework/redis/redisutil.go:488.63,493.2 4 0
github.com/devfeel/dotweb/framework/redis/redisutil.go:496.94,501.2 4 0
github.com/devfeel/dotweb/framework/redis/redisutil.go:503.69,508.2 4 0
github.com/devfeel/dotweb/framework/redis/redisutil.go:510.89,516.2 5 0
github.com/devfeel/dotweb/framework/redis/redisutil.go:521.47,526.2 4 0
github.com/devfeel/dotweb/framework/redis/redisutil.go:529.48,535.2 4 0
github.com/devfeel/dotweb/framework/redis/redisutil.go:539.34,543.2 3 0
github.com/devfeel/dotweb/framework/redis/redisutil.go:547.45,549.2 1 0
github.com/devfeel/dotweb/framework/reflects/reflects.go:10.90,14.38 3 0
github.com/devfeel/dotweb/framework/reflects/reflects.go:14.38,17.28 3 0
github.com/devfeel/dotweb/framework/reflects/reflects.go:17.28,18.12 1 0
github.com/devfeel/dotweb/framework/reflects/reflects.go:20.3,23.27 3 0
github.com/devfeel/dotweb/framework/reflects/reflects.go:23.27,26.41 2 0
github.com/devfeel/dotweb/framework/reflects/reflects.go:26.41,28.19 2 0
github.com/devfeel/dotweb/framework/reflects/reflects.go:28.19,30.6 1 0
github.com/devfeel/dotweb/framework/reflects/reflects.go:31.5,31.13 1 0
github.com/devfeel/dotweb/framework/reflects/reflects.go:34.3,35.14 2 0
github.com/devfeel/dotweb/framework/reflects/reflects.go:35.14,36.12 1 0
github.com/devfeel/dotweb/framework/reflects/reflects.go:39.3,40.55 2 0
github.com/devfeel/dotweb/framework/reflects/reflects.go:40.55,43.34 3 0
github.com/devfeel/dotweb/framework/reflects/reflects.go:43.34,44.85 1 0
github.com/devfeel/dotweb/framework/reflects/reflects.go:44.85,46.6 1 0
github.com/devfeel/dotweb/framework/reflects/reflects.go:48.4,48.27 1 0
github.com/devfeel/dotweb/framework/reflects/reflects.go:49.9,50.95 1 0
github.com/devfeel/dotweb/framework/reflects/reflects.go:50.95,52.5 1 0
github.com/devfeel/dotweb/framework/reflects/reflects.go:55.2,55.12 1 0
github.com/devfeel/dotweb/framework/reflects/reflects.go:58.93,59.19 1 0
github.com/devfeel/dotweb/framework/reflects/reflects.go:60.19,61.42 1 0
github.com/devfeel/dotweb/framework/reflects/reflects.go:62.20,63.42 1 0
github.com/devfeel/dotweb/framework/reflects/reflects.go:64.21,65.43 1 0
github.com/devfeel/dotweb/framework/reflects/reflects.go:66.21,67.43 1 0
github.com/devfeel/dotweb/framework/reflects/reflects.go:68.21,69.43 1 0
github.com/devfeel/dotweb/framework/reflects/reflects.go:70.20,71.43 1 0
github.com/devfeel/dotweb/framework/reflects/reflects.go:72.21,73.43 1 0
github.com/devfeel/dotweb/framework/reflects/reflects.go:74.22,75.44 1 0
github.com/devfeel/dotweb/framework/reflects/reflects.go:76.22,77.44 1 0
github.com/devfeel/dotweb/framework/reflects/reflects.go:78.22,79.44 1 0
github.com/devfeel/dotweb/framework/reflects/reflects.go:80.20,81.40 1 0
github.com/devfeel/dotweb/framework/reflects/reflects.go:82.23,83.45 1 0
github.com/devfeel/dotweb/framework/reflects/reflects.go:84.23,85.45 1 0
github.com/devfeel/dotweb/framework/reflects/reflects.go:86.22,87.29 1 0
github.com/devfeel/dotweb/framework/reflects/reflects.go:88.10,89.36 1 0
github.com/devfeel/dotweb/framework/reflects/reflects.go:91.2,91.12 1 0
github.com/devfeel/dotweb/framework/reflects/reflects.go:94.72,95.17 1 0
github.com/devfeel/dotweb/framework/reflects/reflects.go:95.17,97.3 1 0
github.com/devfeel/dotweb/framework/reflects/reflects.go:98.2,99.16 2 0
github.com/devfeel/dotweb/framework/reflects/reflects.go:99.16,101.3 1 0
github.com/devfeel/dotweb/framework/reflects/reflects.go:102.2,102.12 1 0
github.com/devfeel/dotweb/framework/reflects/reflects.go:105.73,106.17 1 0
github.com/devfeel/dotweb/framework/reflects/reflects.go:106.17,108.3 1 0
github.com/devfeel/dotweb/framework/reflects/reflects.go:109.2,110.16 2 0
github.com/devfeel/dotweb/framework/reflects/reflects.go:110.16,112.3 1 0
github.com/devfeel/dotweb/framework/reflects/reflects.go:113.2,113.12 1 0
github.com/devfeel/dotweb/framework/reflects/reflects.go:116.60,117.17 1 0
github.com/devfeel/dotweb/framework/reflects/reflects.go:117.17,119.3 1 0
github.com/devfeel/dotweb/framework/reflects/reflects.go:120.2,121.16 2 0
github.com/devfeel/dotweb/framework/reflects/reflects.go:121.16,123.3 1 0
github.com/devfeel/dotweb/framework/reflects/reflects.go:124.2,124.12 1 0
github.com/devfeel/dotweb/framework/reflects/reflects.go:127.74,128.17 1 0
github.com/devfeel/dotweb/framework/reflects/reflects.go:128.17,130.3 1 0
github.com/devfeel/dotweb/framework/reflects/reflects.go:131.2,132.16 2 0
github.com/devfeel/dotweb/framework/reflects/reflects.go:132.16,134.3 1 0
github.com/devfeel/dotweb/framework/reflects/reflects.go:135.2,135.12 1 0
github.com/devfeel/dotweb/framework/stringx/stringx.go:4.63,5.17 1 1
github.com/devfeel/dotweb/framework/stringx/stringx.go:5.17,7.3 1 0
github.com/devfeel/dotweb/framework/stringx/stringx.go:8.2,8.28 1 1
github.com/devfeel/dotweb/framework/stringx/stringx.go:8.28,10.3 1 0
github.com/devfeel/dotweb/framework/stringx/stringx.go:12.2,14.6 3 1
github.com/devfeel/dotweb/framework/stringx/stringx.go:14.6,15.31 1 1
github.com/devfeel/dotweb/framework/stringx/stringx.go:15.31,16.9 1 0
github.com/devfeel/dotweb/framework/stringx/stringx.go:17.9,17.37 1 1
github.com/devfeel/dotweb/framework/stringx/stringx.go:17.37,19.9 2 1
github.com/devfeel/dotweb/framework/stringx/stringx.go:20.9,22.4 1 1
github.com/devfeel/dotweb/framework/stringx/stringx.go:24.2,24.24 1 1
github.com/devfeel/dotweb/framework/stringx/stringx.go:28.62,29.17 1 1
github.com/devfeel/dotweb/framework/stringx/stringx.go:29.17,31.3 1 0
github.com/devfeel/dotweb/framework/stringx/stringx.go:32.2,32.28 1 1
github.com/devfeel/dotweb/framework/stringx/stringx.go:32.28,34.3 1 0
github.com/devfeel/dotweb/framework/stringx/stringx.go:35.2,37.6 3 1
github.com/devfeel/dotweb/framework/stringx/stringx.go:37.6,38.31 1 1
github.com/devfeel/dotweb/framework/stringx/stringx.go:38.31,39.9 1 0
github.com/devfeel/dotweb/framework/stringx/stringx.go:40.9,40.37 1 1
github.com/devfeel/dotweb/framework/stringx/stringx.go:40.37,42.9 2 1
github.com/devfeel/dotweb/framework/stringx/stringx.go:43.9,45.4 1 1
github.com/devfeel/dotweb/framework/stringx/stringx.go:47.2,47.24 1 1
github.com/devfeel/dotweb/framework/hystrix/counter.go:20.27,22.2 1 0
github.com/devfeel/dotweb/framework/hystrix/counter.go:30.35,32.2 1 0
github.com/devfeel/dotweb/framework/hystrix/counter.go:35.41,37.2 1 0
github.com/devfeel/dotweb/framework/hystrix/counter.go:40.40,42.2 1 0
github.com/devfeel/dotweb/framework/hystrix/counter.go:45.40,47.2 1 0
github.com/devfeel/dotweb/framework/hystrix/hystrix.go:55.70,65.31 2 0
github.com/devfeel/dotweb/framework/hystrix/hystrix.go:65.31,67.3 1 0
github.com/devfeel/dotweb/framework/hystrix/hystrix.go:68.2,68.10 1 0
github.com/devfeel/dotweb/framework/hystrix/hystrix.go:71.29,74.2 2 0
github.com/devfeel/dotweb/framework/hystrix/hystrix.go:76.77,79.2 2 0
github.com/devfeel/dotweb/framework/hystrix/hystrix.go:82.57,84.2 1 0
github.com/devfeel/dotweb/framework/hystrix/hystrix.go:87.45,91.13 4 0
github.com/devfeel/dotweb/framework/hystrix/hystrix.go:91.13,94.3 2 0
github.com/devfeel/dotweb/framework/hystrix/hystrix.go:94.8,96.3 1 0
github.com/devfeel/dotweb/framework/hystrix/hystrix.go:97.2,97.16 1 0
github.com/devfeel/dotweb/framework/hystrix/hystrix.go:100.41,102.2 1 0
github.com/devfeel/dotweb/framework/hystrix/hystrix.go:104.60,106.2 1 0
github.com/devfeel/dotweb/framework/hystrix/hystrix.go:108.62,110.2 1 0
github.com/devfeel/dotweb/framework/hystrix/hystrix.go:112.41,114.2 1 0
github.com/devfeel/dotweb/framework/hystrix/hystrix.go:116.39,118.2 1 0
github.com/devfeel/dotweb/framework/hystrix/hystrix.go:121.34,122.58 1 0
github.com/devfeel/dotweb/framework/hystrix/hystrix.go:122.58,124.3 1 0
github.com/devfeel/dotweb/framework/hystrix/hystrix.go:125.2,125.19 1 0
github.com/devfeel/dotweb/framework/hystrix/hystrix.go:125.19,127.14 2 0
github.com/devfeel/dotweb/framework/hystrix/hystrix.go:127.14,131.4 3 0
github.com/devfeel/dotweb/framework/hystrix/hystrix.go:131.9,133.4 1 0
github.com/devfeel/dotweb/framework/hystrix/hystrix.go:134.8,136.16 2 0
github.com/devfeel/dotweb/framework/hystrix/hystrix.go:136.16,139.4 2 0
github.com/devfeel/dotweb/framework/hystrix/hystrix.go:139.9,141.4 1 0
github.com/devfeel/dotweb/framework/hystrix/hystrix.go:145.48,148.47 3 0
github.com/devfeel/dotweb/framework/hystrix/hystrix.go:148.47,150.62 2 0
github.com/devfeel/dotweb/framework/hystrix/hystrix.go:150.62,152.4 1 0
github.com/devfeel/dotweb/framework/hystrix/hystrix.go:152.9,153.58 1 0
github.com/devfeel/dotweb/framework/hystrix/hystrix.go:153.58,155.5 1 0
github.com/devfeel/dotweb/framework/hystrix/hystrix.go:157.3,157.14 1 0
github.com/devfeel/dotweb/framework/hystrix/hystrix.go:159.2,159.34 1 0
github.com/devfeel/dotweb/framework/hystrix/hystrix.go:159.34,162.3 1 0
github.com/devfeel/dotweb/framework/hystrix/hystrix.go:163.2,163.97 1 0
github.com/devfeel/dotweb/framework/hystrix/hystrix.go:166.51,168.31 2 0
github.com/devfeel/dotweb/framework/hystrix/hystrix.go:168.31,170.3 1 0
github.com/devfeel/dotweb/framework/hystrix/hystrix.go:170.8,172.3 1 0
github.com/devfeel/dotweb/framework/hystrix/hystrix.go:175.32,177.32 2 0
github.com/devfeel/dotweb/framework/hystrix/hystrix.go:177.32,179.3 1 0
github.com/devfeel/dotweb/framework/hystrix/hystrix.go:180.2,180.12 1 0
github.com/devfeel/dotweb/logger/logger.go:44.25,45.26 1 0
github.com/devfeel/dotweb/logger/logger.go:45.26,47.3 1 0
github.com/devfeel/dotweb/logger/logger.go:48.2,52.15 5 0
github.com/devfeel/dotweb/logger/logger.go:76.56,78.9 2 0
github.com/devfeel/dotweb/logger/logger.go:78.9,80.3 1 0
github.com/devfeel/dotweb/logger/logger.go:82.2,83.21 2 0
github.com/devfeel/dotweb/logger/logger.go:83.21,85.3 1 0
github.com/devfeel/dotweb/logger/logger.go:87.2,88.38 2 0
github.com/devfeel/dotweb/logger/logger.go:88.38,90.3 1 0
github.com/devfeel/dotweb/logger/logger.go:92.2,99.17 2 0
github.com/devfeel/dotweb/logger/xlog.go:30.22,34.2 3 0
github.com/devfeel/dotweb/logger/xlog.go:44.52,46.2 1 0
github.com/devfeel/dotweb/logger/xlog.go:48.50,50.2 1 0
github.com/devfeel/dotweb/logger/xlog.go:53.52,55.2 1 0
github.com/devfeel/dotweb/logger/xlog.go:58.51,60.2 1 0
github.com/devfeel/dotweb/logger/xlog.go:63.51,65.2 1 0
github.com/devfeel/dotweb/logger/xlog.go:68.52,70.2 1 0
github.com/devfeel/dotweb/logger/xlog.go:73.79,74.18 1 0
github.com/devfeel/dotweb/logger/xlog.go:74.18,77.17 3 0
github.com/devfeel/dotweb/logger/xlog.go:77.17,80.4 2 0
github.com/devfeel/dotweb/logger/xlog.go:81.3,81.30 1 0
github.com/devfeel/dotweb/logger/xlog.go:81.30,83.4 1 0
github.com/devfeel/dotweb/logger/xlog.go:84.3,91.30 2 0
github.com/devfeel/dotweb/logger/xlog.go:96.44,99.44 2 0
github.com/devfeel/dotweb/logger/xlog.go:99.44,101.3 1 0
github.com/devfeel/dotweb/logger/xlog.go:105.47,107.2 1 0
github.com/devfeel/dotweb/logger/xlog.go:110.36,112.2 1 0
github.com/devfeel/dotweb/logger/xlog.go:115.48,117.2 1 0
github.com/devfeel/dotweb/logger/xlog.go:120.31,121.6 1 0
github.com/devfeel/dotweb/logger/xlog.go:121.6,124.3 2 0
github.com/devfeel/dotweb/logger/xlog.go:127.56,129.15 2 0
github.com/devfeel/dotweb/logger/xlog.go:130.16,132.8 2 0
github.com/devfeel/dotweb/logger/xlog.go:134.2,135.20 2 0
github.com/devfeel/dotweb/logger/xlog.go:135.20,137.3 1 0
github.com/devfeel/dotweb/logger/xlog.go:138.2,138.22 1 0
github.com/devfeel/dotweb/logger/xlog.go:138.22,140.3 1 0
github.com/devfeel/dotweb/logger/xlog.go:141.2,141.26 1 0
github.com/devfeel/dotweb/logger/xlog.go:144.44,146.26 2 0
github.com/devfeel/dotweb/logger/xlog.go:146.26,149.17 2 0
github.com/devfeel/dotweb/logger/xlog.go:149.17,152.4 2 0
github.com/devfeel/dotweb/logger/xlog.go:155.2,161.16 7 0
github.com/devfeel/dotweb/logger/xlog.go:161.16,164.3 2 0
github.com/devfeel/dotweb/logger/xlog.go:165.2,165.26 1 0
github.com/devfeel/dotweb/session/session.go:57.56,58.26 1 0
github.com/devfeel/dotweb/session/session.go:59.27,60.33 1 0
github.com/devfeel/dotweb/session/session.go:61.25,63.17 2 0
github.com/devfeel/dotweb/session/session.go:63.17,64.92 1 0
github.com/devfeel/dotweb/session/session.go:65.9,67.4 1 0
github.com/devfeel/dotweb/session/session.go:68.10,69.60 1 0
github.com/devfeel/dotweb/session/session.go:74.45,76.2 1 1
github.com/devfeel/dotweb/session/session.go:79.58,81.2 1 0
github.com/devfeel/dotweb/session/session.go:85.118,87.2 1 0
github.com/devfeel/dotweb/session/session.go:90.136,99.2 1 1
github.com/devfeel/dotweb/session/session.go:102.99,104.2 1 0
github.com/devfeel/dotweb/session/session.go:107.110,108.21 1 0
github.com/devfeel/dotweb/session/session.go:108.21,110.3 1 0
github.com/devfeel/dotweb/session/session.go:111.2,111.29 1 0
github.com/devfeel/dotweb/session/session.go:111.29,113.3 1 0
github.com/devfeel/dotweb/session/session.go:114.2,121.12 2 0
github.com/devfeel/dotweb/session/session.go:121.12,122.72 1 0
github.com/devfeel/dotweb/session/session.go:122.72,122.88 1 0
github.com/devfeel/dotweb/session/session.go:124.2,124.21 1 0
github.com/devfeel/dotweb/session/session.go:128.54,131.2 2 0
github.com/devfeel/dotweb/session/session.go:134.59,136.2 1 0
github.com/devfeel/dotweb/session/session.go:140.86,142.16 2 0
github.com/devfeel/dotweb/session/session.go:142.16,144.3 1 0
github.com/devfeel/dotweb/session/session.go:145.2,145.24 1 0
github.com/devfeel/dotweb/session/session.go:145.24,147.3 1 0
github.com/devfeel/dotweb/session/session.go:150.2,150.40 1 0
github.com/devfeel/dotweb/session/session.go:153.101,155.16 2 0
github.com/devfeel/dotweb/session/session.go:155.16,157.3 1 0
github.com/devfeel/dotweb/session/session.go:158.2,158.21 1 0
github.com/devfeel/dotweb/session/session.go:162.75,164.2 1 0
github.com/devfeel/dotweb/session/session.go:167.37,169.13 2 0
github.com/devfeel/dotweb/session/session.go:169.13,171.3 1 0
github.com/devfeel/dotweb/session/session.go:172.2,172.71 1 0
github.com/devfeel/dotweb/session/session.go:172.71,172.87 1 0
github.com/devfeel/dotweb/session/sessionstate.go:12.13,14.27 1 1
github.com/devfeel/dotweb/session/sessionstate.go:14.27,16.4 1 1
github.com/devfeel/dotweb/session/sessionstate.go:29.110,33.2 3 1
github.com/devfeel/dotweb/session/sessionstate.go:36.130,42.2 5 1
github.com/devfeel/dotweb/session/sessionstate.go:45.62,51.2 4 0
github.com/devfeel/dotweb/session/sessionstate.go:54.61,57.36 3 0
github.com/devfeel/dotweb/session/sessionstate.go:57.36,59.3 1 0
github.com/devfeel/dotweb/session/sessionstate.go:60.2,60.12 1 0
github.com/devfeel/dotweb/session/sessionstate.go:64.62,67.2 2 0
github.com/devfeel/dotweb/session/sessionstate.go:70.56,73.2 2 0
github.com/devfeel/dotweb/session/sessionstate.go:76.60,79.2 2 0
github.com/devfeel/dotweb/session/sessionstate.go:82.58,87.2 4 0
github.com/devfeel/dotweb/session/sessionstate.go:90.42,95.2 4 0
github.com/devfeel/dotweb/session/sessionstate.go:98.47,100.2 1 1
github.com/devfeel/dotweb/session/sessionstate.go:103.40,105.2 1 0
github.com/devfeel/dotweb/session/store_redis.go:31.62,44.30 5 0
github.com/devfeel/dotweb/session/store_redis.go:44.30,46.3 1 0
github.com/devfeel/dotweb/session/store_redis.go:46.8,48.3 1 0
github.com/devfeel/dotweb/session/store_redis.go:49.2,51.43 3 0
github.com/devfeel/dotweb/session/store_redis.go:51.43,55.3 3 0
github.com/devfeel/dotweb/session/store_redis.go:56.2,56.19 1 0
github.com/devfeel/dotweb/session/store_redis.go:59.57,61.2 1 0
github.com/devfeel/dotweb/session/store_redis.go:64.79,68.43 4 0
github.com/devfeel/dotweb/session/store_redis.go:68.43,71.3 2 0
github.com/devfeel/dotweb/session/store_redis.go:72.2,72.16 1 0
github.com/devfeel/dotweb/session/store_redis.go:72.16,74.3 1 0
github.com/devfeel/dotweb/session/store_redis.go:75.2,76.19 2 0
github.com/devfeel/dotweb/session/store_redis.go:76.19,78.3 1 0
github.com/devfeel/dotweb/session/store_redis.go:78.8,80.17 2 0
github.com/devfeel/dotweb/session/store_redis.go:80.17,82.4 1 0
github.com/devfeel/dotweb/session/store_redis.go:84.2,86.19 3 0
github.com/devfeel/dotweb/session/store_redis.go:90.62,94.43 4 0
github.com/devfeel/dotweb/session/store_redis.go:94.43,97.3 2 0
github.com/devfeel/dotweb/session/store_redis.go:98.2,98.16 1 0
github.com/devfeel/dotweb/session/store_redis.go:98.16,100.3 1 0
github.com/devfeel/dotweb/session/store_redis.go:101.2,101.15 1 0
github.com/devfeel/dotweb/session/store_redis.go:105.69,109.43 4 0
github.com/devfeel/dotweb/session/store_redis.go:109.43,112.3 2 0
github.com/devfeel/dotweb/session/store_redis.go:113.2,113.12 1 0
github.com/devfeel/dotweb/session/store_redis.go:117.67,118.15 1 0
github.com/devfeel/dotweb/session/store_redis.go:118.15,120.35 1 0
github.com/devfeel/dotweb/session/store_redis.go:120.35,123.4 1 0
github.com/devfeel/dotweb/session/store_redis.go:125.2,127.16 3 0
github.com/devfeel/dotweb/session/store_redis.go:127.16,129.3 1 0
github.com/devfeel/dotweb/session/store_redis.go:130.2,132.43 3 0
github.com/devfeel/dotweb/session/store_redis.go:132.43,135.3 2 0
github.com/devfeel/dotweb/session/store_redis.go:136.2,136.12 1 0
github.com/devfeel/dotweb/session/store_redis.go:140.64,144.43 4 0
github.com/devfeel/dotweb/session/store_redis.go:144.43,147.3 2 0
github.com/devfeel/dotweb/session/store_redis.go:148.2,148.12 1 0
github.com/devfeel/dotweb/session/store_redis.go:153.42,155.2 1 0
github.com/devfeel/dotweb/session/store_redis.go:158.45,160.2 1 0
github.com/devfeel/dotweb/session/store_redis.go:163.66,164.31 1 0
github.com/devfeel/dotweb/session/store_redis.go:164.31,165.34 1 0
github.com/devfeel/dotweb/session/store_redis.go:165.34,167.4 1 0
github.com/devfeel/dotweb/session/store_redis.go:169.2,169.32 1 0
github.com/devfeel/dotweb/session/store_redis.go:172.67,174.2 1 0
github.com/devfeel/dotweb/session/store_redis.go:176.66,178.2 1 0
github.com/devfeel/dotweb/session/store_redis.go:181.69,182.16 1 0
github.com/devfeel/dotweb/session/store_redis.go:182.16,184.3 1 0
github.com/devfeel/dotweb/session/store_redis.go:185.2,187.142 1 0
github.com/devfeel/dotweb/session/store_redis.go:187.142,190.32 2 0
github.com/devfeel/dotweb/session/store_redis.go:190.32,192.4 1 0
github.com/devfeel/dotweb/session/store_redis.go:193.3,193.34 1 0
github.com/devfeel/dotweb/session/store_redis.go:193.34,195.4 1 0
github.com/devfeel/dotweb/session/store_redis.go:196.3,196.14 1 0
github.com/devfeel/dotweb/session/store_redis.go:198.2,198.14 1 0
github.com/devfeel/dotweb/session/store_redis.go:204.49,208.26 4 0
github.com/devfeel/dotweb/session/store_redis.go:208.26,210.17 2 0
github.com/devfeel/dotweb/session/store_redis.go:210.17,212.9 2 0
github.com/devfeel/dotweb/session/store_redis.go:214.3,214.22 1 0
github.com/devfeel/dotweb/session/store_redis.go:214.22,216.9 2 0
github.com/devfeel/dotweb/session/store_redis.go:218.3,219.11 2 0
github.com/devfeel/dotweb/session/store_redis.go:221.2,221.16 1 0
github.com/devfeel/dotweb/session/store_runtime.go:17.57,24.2 1 1
github.com/devfeel/dotweb/session/store_runtime.go:27.81,29.50 2 1
github.com/devfeel/dotweb/session/store_runtime.go:29.50,33.3 3 1
github.com/devfeel/dotweb/session/store_runtime.go:34.2,42.19 7 1
github.com/devfeel/dotweb/session/store_runtime.go:46.64,49.44 3 1
github.com/devfeel/dotweb/session/store_runtime.go:49.44,51.3 1 1
github.com/devfeel/dotweb/session/store_runtime.go:52.2,52.14 1 0
github.com/devfeel/dotweb/session/store_runtime.go:56.69,58.56 2 1
github.com/devfeel/dotweb/session/store_runtime.go:58.56,63.3 4 1
github.com/devfeel/dotweb/session/store_runtime.go:64.2,72.12 7 1
github.com/devfeel/dotweb/session/store_runtime.go:76.66,79.50 3 1
github.com/devfeel/dotweb/session/store_runtime.go:79.50,83.3 3 1
github.com/devfeel/dotweb/session/store_runtime.go:84.2,84.12 1 0
github.com/devfeel/dotweb/session/store_runtime.go:88.44,91.6 3 0
github.com/devfeel/dotweb/session/store_runtime.go:91.6,93.21 2 0
github.com/devfeel/dotweb/session/store_runtime.go:93.21,94.9 1 0
github.com/devfeel/dotweb/session/store_runtime.go:96.3,96.98 1 0
github.com/devfeel/dotweb/session/store_runtime.go:96.98,104.4 7 0
github.com/devfeel/dotweb/session/store_runtime.go:104.9,105.9 1 0
github.com/devfeel/dotweb/session/store_runtime.go:108.2,109.12 2 0
github.com/devfeel/dotweb/session/store_runtime.go:113.47,115.2 1 1
github.com/devfeel/dotweb/session/store_runtime.go:118.66,121.50 3 1
github.com/devfeel/dotweb/session/store_runtime.go:121.50,125.3 3 1
github.com/devfeel/dotweb/session/store_runtime.go:126.2,126.12 1 0
github.com/devfeel/dotweb/framework/sysx/sysx.go:6.27,9.2 2 0
github.com/devfeel/dotweb/test/assert.go:11.59,12.56 1 0
github.com/devfeel/dotweb/test/assert.go:12.56,14.3 1 0
github.com/devfeel/dotweb/test/assert.go:15.2,15.30 1 0
github.com/devfeel/dotweb/test/assert.go:16.14,18.30 2 0
github.com/devfeel/dotweb/test/assert.go:18.30,22.4 2 0
github.com/devfeel/dotweb/test/assert.go:23.10,25.14 2 0
github.com/devfeel/dotweb/test/assert.go:29.56,30.42 1 0
github.com/devfeel/dotweb/test/assert.go:30.42,34.3 2 0
github.com/devfeel/dotweb/test/assert.go:37.59,38.41 1 0
github.com/devfeel/dotweb/test/assert.go:38.41,41.3 2 0
github.com/devfeel/dotweb/test/assert.go:44.44,45.20 1 0
github.com/devfeel/dotweb/test/assert.go:45.20,48.3 2 0
github.com/devfeel/dotweb/test/assert.go:51.47,52.19 1 0
github.com/devfeel/dotweb/test/assert.go:52.19,55.3 2 0
github.com/devfeel/dotweb/test/assert.go:58.37,59.19 1 0
github.com/devfeel/dotweb/test/assert.go:59.19,61.3 1 0
github.com/devfeel/dotweb/test/assert.go:63.2,65.68 3 0
github.com/devfeel/dotweb/test/assert.go:65.68,67.3 1 0
github.com/devfeel/dotweb/test/assert.go:69.2,69.14 1 0
github.com/devfeel/dotweb/test/assert.go:72.66,80.2 7 0
github.com/devfeel/dotweb/test/util.go:10.49,14.2 3 0
github.com/devfeel/dotweb/test/util.go:17.48,22.2 3 0
github.com/devfeel/dotweb/test/util.go:25.52,27.2 1 0
